time: 0.000963 :read 3 elem from file /home/ubuntu-user/cube-1.3/proc/main/base_define/namelist.json!
time: 0.001372 :read 4 elem from file /home/ubuntu-user/cube-1.3/proc/main/base_define/dispatchnamelist.json!
time: 0.001607 :read 1 elem from file /home/ubuntu-user/cube-1.3/proc/main/base_define/typelist.json!
time: 0.001944 :read 7 elem from file /home/ubuntu-user/cube-1.3/proc/main/base_define/subtypelist.json!
time: 0.002030 :read 1 elem from file /home/ubuntu-user/cube-1.3/proc/main/base_define/baseflag.json!
time: 0.002250 :read 3 elem from file /home/ubuntu-user/cube-1.3/proc/main/base_define/memdb.json!
time: 0.002778 :read 7 elem from file /home/ubuntu-user/cube-1.3/proc/main/base_define/msghead.json!
time: 0.003039 :read 2 elem from file /home/ubuntu-user/cube-1.3/proc/main/base_define/msgrecord.json!
time: 0.003570 :read 10 elem from file /home/ubuntu-user/cube-1.3/proc/main/base_define/base_msg.json!
time: 0.003979 :read 8 elem from file /home/ubuntu-user/cube-1.3/proc/main/base_define/return.json!
time: 0.004249 :read 3 elem from file /home/ubuntu-user/cube-1.3/proc/main/base_define/dispatchrecord.json!
time: 0.004409 :read 2 elem from file /home/ubuntu-user/cube-1.3/proc/main/base_define/exmoduledefine.json!
time: 0.004565 :read 1 elem from file /home/ubuntu-user/cube-1.3/proc/main/base_define/sys_conn.json!
time: 0.005125 :read 9 elem from file user_define.json!
time: 0.005374 :read 5 elem from file record_define.json!
time: 0.008701 :this machine's local uuid is 1d1b19f2b5fbc822d2a17188a2c7abaefe18b973fc53e4549a5b6f8246bcc9a4

time: 0.014077 :read 1 connector!

time: 0.014301 :read 3 policy from router_policy file!
time: 0.014337 :system plugin router_proc is prepared!
time: 0.019798 :system plugin connector_proc is prepared!
time: 0.019911 :ex_module connector_proc started successfully!
time: 0.019979 :ex_module router_proc started successfully!
time: 0.019998 :client user_client connect succeed!

time: 0.020052 :ex_module msg_send started successfully!
time: 0.020110 :begin msgfile_send module!

 successfully!
time: 0.020110 :begin msgfile_send module!

time: 0.020169 :ex_module print started successfully!
time: 0.020187 :instance load 5 module!

time: 0.025223 :proc conn client receive 269 data!

time: 0.025334 :send 330 data to conn user_client!

time: 0.025356 :client user_client send 330 ack data to server !

time: 0.030292 :router get proc connector_proc's message 
time: 2.023589 :router get proc msg_send's message 
time: 3.021312 :router get proc msg_send's message 
time: 3.021397 :new msg match path record's policy
time: 3.021714 :send message to conn process!
time: 3.023982 :send 211 data to conn user_client!

time: 3.024064 :send (12816  3)message 211 to conn user_client!

time: 4.022205 :router get proc msg_send's message 
time: 4.022293 :new msg match path record's policy
time: 4.022546 :send message to conn process!
time: 4.027030 :send 184 data to conn user_client!

time: 4.027090 :send (12816  2)message 184 to conn user_client!

