time: 0.000462 :read 3 elem from file /home/ubuntu-user/cube-1.3/proc/main/base_define/namelist.json!
time: 0.000679 :read 4 elem from file /home/ubuntu-user/cube-1.3/proc/main/base_define/dispatchnamelist.json!
time: 0.000781 :read 1 elem from file /home/ubuntu-user/cube-1.3/proc/main/base_define/typelist.json!
time: 0.001088 :read 7 elem from file /home/ubuntu-user/cube-1.3/proc/main/base_define/subtypelist.json!
time: 0.001156 :read 1 elem from file /home/ubuntu-user/cube-1.3/proc/main/base_define/baseflag.json!
time: 0.001464 :read 3 elem from file /home/ubuntu-user/cube-1.3/proc/main/base_define/memdb.json!
time: 0.002311 :read 7 elem from file /home/ubuntu-user/cube-1.3/proc/main/base_define/msghead.json!
time: 0.002692 :read 2 elem from file /home/ubuntu-user/cube-1.3/proc/main/base_define/msgrecord.json!
time: 0.003381 :read 10 elem from file /home/ubuntu-user/cube-1.3/proc/main/base_define/base_msg.json!
time: 0.003977 :read 8 elem from file /home/ubuntu-user/cube-1.3/proc/main/base_define/return.json!
time: 0.004332 :read 3 elem from file /home/ubuntu-user/cube-1.3/proc/main/base_define/dispatchrecord.json!
time: 0.004591 :read 2 elem from file /home/ubuntu-user/cube-1.3/proc/main/base_define/exmoduledefine.json!
time: 0.004768 :read 1 elem from file /home/ubuntu-user/cube-1.3/proc/main/base_define/sys_conn.json!
time: 0.005521 :read 9 elem from file user_define.json!
time: 0.005923 :read 5 elem from file record_define.json!
time: 0.009544 :this machine's local uuid is 38319d63b7b4eab8b9d2b8245d448ce0937672c91aa50ee6fba7b62ca30228e3

time: 0.014964 :read 1 connector!

time: 0.015176 :read 2 policy from router_policy file!
time: 0.015215 :system plugin router_proc is prepared!
time: 0.020626 :system plugin connector_proc is prepared!
time: 0.020748 :ex_module connector_proc started successfully!
time: 0.020826 :ex_module router_proc started successfully!
time: 0.020864 :begin msgfile_send module!

uccessfully!
time: 0.020864 :begin msgfile_send module!

uccessfultime: 0.020864 :begin msgfile_send module!

time: 0.020892 :ex_module print started successfully!
time: 0.020902 :instance load 4 module!

time: 0.031139 :proc conn client receive 270 data!

time: 0.031211 :send 331 data to conn user_client!

time: 0.031221 :client user_client send 331 ack data to server !

time: 0.036155 :router get proc connector_proc's message 
time: 2.023946 :router get proc msg_send's message 
time: 2.024019 :new msg match path login's policy
time: 2.024250 :send message to conn process!
time: 2.025306 :send 284 data to conn user_client!

time: 2.025348 :send (12800  1)message 284 to conn user_client!

time: 2.045959 :proc conn client receive 200 data!

time: 2.049730 :router get proc connector_proc's message 
time: 2.049783 :remote msg match path login's policy
time: 2.055078 :router get proc print's message 
time: 3.025633 :router get proc msg_send's message 
time: 3.025698 :new msg match path record's policy
time: 3.025903 :send message to conn process!
time: 3.027528 :send 212 data to conn user_client!

time: 3.027570 :send (12816  3)message 212 to conn user_client!

time: 4.022805 :router get proc msg_send's message 
time: 4.022873 :new msg match path record's policy
time: 4.023075 :send message to conn process!
time: 4.028067 :send 184 data to conn user_client!

time: 4.028108 :send (12816  2)message 184 to conn user_client!

